/root/joshi/tensorflow/lib/python3.5/re.py:203: FutureWarning: split() requires a non-empty pattern match.
  return _compile(pattern, flags).split(string, maxsplit)
Started Task: 5
Candidate Size 12612
vocab size: 14743
Longest sentence length 19
Longest candidate sentence length 7
Longest story length 213
Average story length 63
Training Size 20392
Validation Size 20467
Epoch 1
Epoch 2
Epoch 3
Epoch 4
Epoch 5
Epoch 6
Epoch 7
Epoch 8
Epoch 9
Epoch 10
-----------------------
Epoch 10
Total Cost: 19370.8848946
Training Accuracy: 0.747842291095
Validation Accuracy: 0.700640054722
-----------------------
Epoch 11
Epoch 12
Epoch 13
Epoch 14
Epoch 15
Epoch 16
Epoch 17
Epoch 18
Epoch 19
Epoch 20
-----------------------
Epoch 20
Total Cost: 10103.981803
Training Accuracy: 0.867546096508
Validation Accuracy: 0.757756388332
-----------------------
Epoch 21
Epoch 22
Epoch 23
Epoch 24
Epoch 25
Epoch 26
Epoch 27
Epoch 28
Epoch 29
Epoch 30
-----------------------
Epoch 30
Total Cost: 5742.04247478
Training Accuracy: 0.924921537858
Validation Accuracy: 0.787707040602
-----------------------
Epoch 31
Epoch 32
Epoch 33
Epoch 34
Epoch 35
Epoch 36
Epoch 37
Epoch 38
Epoch 39
Epoch 40
-----------------------
Epoch 40
Total Cost: 4005.25425969
Training Accuracy: 0.947871714398
Validation Accuracy: 0.792202081399
-----------------------
Epoch 41
Epoch 42
Epoch 43
Epoch 44
Epoch 45
Epoch 46
Epoch 47
Epoch 48
Epoch 49
Epoch 50
-----------------------
Epoch 50
Total Cost: 2821.17842412
Training Accuracy: 0.966408395449
Validation Accuracy: 0.799091220013
-----------------------
Epoch 51
Epoch 52
Epoch 53
Epoch 54
Epoch 55
Epoch 56
Epoch 57
Epoch 58
Epoch 59
Epoch 60
-----------------------
Epoch 60
Total Cost: 2035.7706202
Training Accuracy: 0.97072381326
Validation Accuracy: 0.795866516832
-----------------------
Epoch 61
Epoch 62
Epoch 63
Epoch 64
Epoch 65
Epoch 66
Epoch 67
Epoch 68
Epoch 69
Epoch 70
-----------------------
Epoch 70
Total Cost: 1646.75944197
Training Accuracy: 0.98023734798
Validation Accuracy: 0.798846924317
-----------------------
Epoch 71
Epoch 72
Epoch 73
Epoch 74
Epoch 75
Epoch 76
Epoch 77
Epoch 78
Epoch 79
Epoch 80
-----------------------
Epoch 80
Total Cost: 1444.35403559
Training Accuracy: 0.985043154178
Validation Accuracy: 0.796648263058
-----------------------
Epoch 81
Epoch 82
Epoch 83
Epoch 84
Epoch 85
Epoch 86
Epoch 87
Epoch 88
Epoch 89
Epoch 90
-----------------------
Epoch 90
Total Cost: 1188.7167319
Training Accuracy: 0.989260494311
Validation Accuracy: 0.795573361997
-----------------------
Epoch 91
Epoch 92
Epoch 93
Epoch 94
Epoch 95
Epoch 96
Epoch 97
Epoch 98
Epoch 99
Epoch 100
-----------------------
Epoch 100
Total Cost: 944.66689394
Training Accuracy: 0.991025892507
Validation Accuracy: 0.796990277031
-----------------------
Epoch 101
Epoch 102
Epoch 103
Epoch 104
Epoch 105
Epoch 106
Epoch 107
Epoch 108
Epoch 109
Epoch 110
-----------------------
Epoch 110
Total Cost: 1605.56932015
Training Accuracy: 0.991663397411
Validation Accuracy: 0.795182488885
-----------------------
Epoch 111
Epoch 112
Epoch 113
Epoch 114
Epoch 115
Epoch 116
Epoch 117
Epoch 118
Epoch 119
Epoch 120
-----------------------
Epoch 120
Total Cost: 698.726476083
Training Accuracy: 0.995047077285
Validation Accuracy: 0.795084770606
-----------------------
Epoch 121
Epoch 122
Epoch 123
Epoch 124
Epoch 125
Epoch 126
Epoch 127
Epoch 128
Epoch 129
Epoch 130
-----------------------
Epoch 130
Total Cost: 599.222905617
Training Accuracy: 0.993330717929
Validation Accuracy: 0.795671080276
-----------------------
Epoch 131
Epoch 132
Epoch 133
Epoch 134
Epoch 135
Epoch 136
Epoch 137
Epoch 138
Epoch 139
Epoch 140
-----------------------
Epoch 140
Total Cost: 618.216789132
Training Accuracy: 0.995537465673
Validation Accuracy: 0.795671080276
-----------------------
Epoch 141
Epoch 142
Epoch 143
Epoch 144
Epoch 145
Epoch 146
Epoch 147
Epoch 148
Epoch 149
Epoch 150
-----------------------
Epoch 150
Total Cost: 629.365357566
Training Accuracy: 0.996567281287
Validation Accuracy: 0.793374700738
-----------------------
Epoch 151
Epoch 152
Epoch 153
Epoch 154
Epoch 155
Epoch 156
Epoch 157
Epoch 158
Epoch 159
Epoch 160
-----------------------
Epoch 160
Total Cost: 877.625793533
Training Accuracy: 0.996518242448
Validation Accuracy: 0.795768798554
-----------------------
Epoch 161
Epoch 162
Epoch 163
Epoch 164
Epoch 165
Epoch 166
Epoch 167
Epoch 168
Epoch 169
Epoch 170
-----------------------
Epoch 170
Total Cost: 451.171742663
Training Accuracy: 0.99445861122
Validation Accuracy: 0.792837250208
-----------------------
Epoch 171
Epoch 172
Epoch 173
Epoch 174
Epoch 175
Epoch 176
Epoch 177
Epoch 178
Epoch 179
Epoch 180
-----------------------
Epoch 180
Total Cost: 561.900851827
Training Accuracy: 0.997351902707
Validation Accuracy: 0.797283431866
-----------------------
Epoch 181
Epoch 182
Epoch 183
Epoch 184
Epoch 185
Epoch 186
Epoch 187
Epoch 188
Epoch 189
Epoch 190
-----------------------
Epoch 190
Total Cost: 553.149160287
Training Accuracy: 0.996959591997
Validation Accuracy: 0.796452826501
-----------------------
Epoch 191
Epoch 192
Epoch 193
Epoch 194
Epoch 195
Epoch 196
Epoch 197
Epoch 198
Epoch 199
Epoch 200
-----------------------
Epoch 200
Total Cost: 305.8188186
Training Accuracy: 0.99803844645
Validation Accuracy: 0.796697122197
-----------------------
/root/joshi/tensorflow/lib/python3.5/re.py:203: FutureWarning: split() requires a non-empty pattern match.
  return _compile(pattern, flags).split(string, maxsplit)
Started Task: 5
Candidate Size 12612
vocab size: 14751
Longest sentence length 19
Longest candidate sentence length 6
Longest story length 219
Average story length 62
Training Size 20332
Validation Size 20163
Epoch 1
Epoch 2
Epoch 3
Epoch 4
Epoch 5
Epoch 6
Epoch 7
Epoch 8
Epoch 9
Epoch 10
-----------------------
Epoch 10
Total Cost: 18449.718824
Training Accuracy: 0.7573283494
Validation Accuracy: 0.708525517036
-----------------------
Epoch 11
Epoch 12
Epoch 13
Epoch 14
Epoch 15
Epoch 16
Epoch 17
Epoch 18
Epoch 19
Epoch 20
-----------------------
Epoch 20
Total Cost: 9412.68674891
Training Accuracy: 0.87345071808
Validation Accuracy: 0.774388731836
-----------------------
Epoch 21
Epoch 22
Epoch 23
Epoch 24
Epoch 25
Epoch 26
Epoch 27
Epoch 28
Epoch 29
Epoch 30
-----------------------
Epoch 30
Total Cost: 5982.53575569
Training Accuracy: 0.911813889435
Validation Accuracy: 0.786142935079
-----------------------
Epoch 31
Epoch 32
Epoch 33
Epoch 34
Epoch 35
Epoch 36
Epoch 37
Epoch 38
Epoch 39
Epoch 40
-----------------------
Epoch 40
Total Cost: 4245.60235802
Training Accuracy: 0.945996458784
Validation Accuracy: 0.795566135992
-----------------------
Epoch 41
Epoch 42
Epoch 43
Epoch 44
Epoch 45
Epoch 46
Epoch 47
Epoch 48
Epoch 49
Epoch 50
-----------------------
Epoch 50
Total Cost: 3230.34281984
Training Accuracy: 0.957751327956
Validation Accuracy: 0.791648068244
-----------------------
Epoch 51
Epoch 52
Epoch 53
Epoch 54
Epoch 55
Epoch 56
Epoch 57
Epoch 58
Epoch 59
Epoch 60
-----------------------
Epoch 60
Total Cost: 2494.04752446
Training Accuracy: 0.971424355695
Validation Accuracy: 0.796409264494
-----------------------
Epoch 61
Epoch 62
Epoch 63
Epoch 64
Epoch 65
Epoch 66
Epoch 67
Epoch 68
Epoch 69
Epoch 70
-----------------------
Epoch 70
Total Cost: 1923.39892438
Training Accuracy: 0.969407830022
Validation Accuracy: 0.790457769181
-----------------------
Epoch 71
Epoch 72
Epoch 73
Epoch 74
Epoch 75
Epoch 76
Epoch 77
Epoch 78
Epoch 79
Epoch 80
-----------------------
Epoch 80
Total Cost: 1901.03640726
Training Accuracy: 0.982293920913
Validation Accuracy: 0.799236224768
-----------------------
Epoch 81
Epoch 82
Epoch 83
Epoch 84
Epoch 85
Epoch 86
Epoch 87
Epoch 88
Epoch 89
Epoch 90
-----------------------
Epoch 90
Total Cost: 1522.74946537
Training Accuracy: 0.975506590596
Validation Accuracy: 0.788275554233
-----------------------
Epoch 91
Epoch 92
Epoch 93
Epoch 94
Epoch 95
Epoch 96
Epoch 97
Epoch 98
Epoch 99
Epoch 100
-----------------------
Epoch 100
Total Cost: 1564.41395242
Training Accuracy: 0.981556167618
Validation Accuracy: 0.789961811238
-----------------------
Epoch 101
Epoch 102
Epoch 103
Epoch 104
Epoch 105
Epoch 106
Epoch 107
Epoch 108
Epoch 109
Epoch 110
-----------------------
Epoch 110
Total Cost: 1763.50985886
Training Accuracy: 0.988933700571
Validation Accuracy: 0.797004414026
-----------------------
Epoch 111
Epoch 112
Epoch 113
Epoch 114
Epoch 115
Epoch 116
Epoch 117
Epoch 118
Epoch 119
Epoch 120
-----------------------
Epoch 120
Total Cost: 1218.08609164
Training Accuracy: 0.986572890026
Validation Accuracy: 0.792392005158
-----------------------
Epoch 121
Epoch 122
Epoch 123
Epoch 124
Epoch 125
Epoch 126
Epoch 127
Epoch 128
Epoch 129
Epoch 130
-----------------------
Epoch 130
Total Cost: 1424.1861501
Training Accuracy: 0.983818611056
Validation Accuracy: 0.787630808907
-----------------------
Epoch 131
Epoch 132
Epoch 133
Epoch 134
Epoch 135
Epoch 136
Epoch 137
Epoch 138
Epoch 139
Epoch 140
-----------------------
Epoch 140
Total Cost: 1030.42669343
Training Accuracy: 0.991983080858
Validation Accuracy: 0.797500371968
-----------------------
Epoch 141
Epoch 142
Epoch 143
Epoch 144
Epoch 145
Epoch 146
Epoch 147
Epoch 148
Epoch 149
Epoch 150
-----------------------
Epoch 150
Total Cost: 1229.86329149
Training Accuracy: 0.991983080858
Validation Accuracy: 0.798194713088
-----------------------
Epoch 151
Epoch 152
Epoch 153
Epoch 154
Epoch 155
Epoch 156
Epoch 157
Epoch 158
Epoch 159
Epoch 160
-----------------------
Epoch 160
Total Cost: 1063.97767764
Training Accuracy: 0.991638795987
Validation Accuracy: 0.793631900015
-----------------------
Epoch 161
Epoch 162
Epoch 163
Epoch 164
Epoch 165
Epoch 166
Epoch 167
Epoch 168
Epoch 169
Epoch 170
-----------------------
Epoch 170
Total Cost: 807.766580177
Training Accuracy: 0.994589809168
Validation Accuracy: 0.797897138323
-----------------------
Epoch 171
Epoch 172
Epoch 173
Epoch 174
Epoch 175
Epoch 176
Epoch 177
Epoch 178
Epoch 179
Epoch 180
-----------------------
Epoch 180
Total Cost: 1304.55631289
Training Accuracy: 0.995671847334
Validation Accuracy: 0.798740266825
-----------------------
Epoch 181
Epoch 182
Epoch 183
Epoch 184
Epoch 185
Epoch 186
Epoch 187
Epoch 188
Epoch 189
Epoch 190
-----------------------
Epoch 190
Total Cost: 695.496908513
Training Accuracy: 0.996360417077
Validation Accuracy: 0.802013589248
-----------------------
Epoch 191
Epoch 192
Epoch 193
Epoch 194
Epoch 195
Epoch 196
Epoch 197
Epoch 198
Epoch 199
Epoch 200
-----------------------
Epoch 200
Total Cost: 618.081321029
Training Accuracy: 0.995130828251
Validation Accuracy: 0.799682586917
-----------------------
/root/joshi/tensorflow/lib/python3.5/re.py:203: FutureWarning: split() requires a non-empty pattern match.
  return _compile(pattern, flags).split(string, maxsplit)
Started Task: 5
Candidate Size 12612
vocab size: 14745
Longest sentence length 19
Longest candidate sentence length 10
Longest story length 203
Average story length 62
Training Size 20350
Validation Size 20403
Epoch 1
Epoch 2
Epoch 3
Epoch 4
Epoch 5
Epoch 6
Epoch 7
Epoch 8
Epoch 9
Epoch 10
-----------------------
Epoch 10
Total Cost: 19305.0671067
Training Accuracy: 0.742948402948
Validation Accuracy: 0.699750036759
-----------------------
Epoch 11
Epoch 12
Epoch 13
Epoch 14
Epoch 15
Epoch 16
Epoch 17
Epoch 18
Epoch 19
Epoch 20
-----------------------
Epoch 20
Total Cost: 9792.49645936
Training Accuracy: 0.8457002457
Validation Accuracy: 0.741361564476
-----------------------
Epoch 21
Epoch 22
Epoch 23
Epoch 24
Epoch 25
Epoch 26
Epoch 27
Epoch 28
Epoch 29
Epoch 30
-----------------------
Epoch 30
Total Cost: 6353.54697899
Training Accuracy: 0.913071253071
Validation Accuracy: 0.781943831789
-----------------------
Epoch 31
Epoch 32
Epoch 33
Epoch 34
Epoch 35
Epoch 36
Epoch 37
Epoch 38
Epoch 39
Epoch 40
-----------------------
Epoch 40
Total Cost: 4349.70000979
Training Accuracy: 0.934250614251
Validation Accuracy: 0.790521001813
-----------------------
Epoch 41
Epoch 42
Epoch 43
Epoch 44
Epoch 45
Epoch 46
Epoch 47
Epoch 48
Epoch 49
Epoch 50
-----------------------
Epoch 50
Total Cost: 3344.87714669
Training Accuracy: 0.954692874693
Validation Accuracy: 0.797529775033
-----------------------
Epoch 51
Epoch 52
Epoch 53
Epoch 54
Epoch 55
Epoch 56
Epoch 57
Epoch 58
Epoch 59
Epoch 60
-----------------------
Epoch 60
Total Cost: 2532.61806635
Training Accuracy: 0.965356265356
Validation Accuracy: 0.799294221438
-----------------------
Epoch 61
Epoch 62
Epoch 63
Epoch 64
Epoch 65
Epoch 66
Epoch 67
Epoch 68
Epoch 69
Epoch 70
-----------------------
Epoch 70
Total Cost: 2181.72052525
Training Accuracy: 0.976265356265
Validation Accuracy: 0.802087928246
-----------------------
Epoch 71
Epoch 72
Epoch 73
Epoch 74
Epoch 75
Epoch 76
Epoch 77
Epoch 78
Epoch 79
Epoch 80
-----------------------
Epoch 80
Total Cost: 1558.30548677
Training Accuracy: 0.980294840295
Validation Accuracy: 0.800862618242
-----------------------
Epoch 81
Epoch 82
Epoch 83
Epoch 84
Epoch 85
Epoch 86
Epoch 87
Epoch 88
Epoch 89
Epoch 90
-----------------------
Epoch 90
Total Cost: 1418.5214859
Training Accuracy: 0.983931203931
Validation Accuracy: 0.800715581042
-----------------------
Epoch 91
Epoch 92
Epoch 93
Epoch 94
Epoch 95
Epoch 96
Epoch 97
Epoch 98
Epoch 99
Epoch 100
-----------------------
Epoch 100
Total Cost: 1178.60324675
Training Accuracy: 0.986388206388
Validation Accuracy: 0.801401754644
-----------------------
Epoch 101
Epoch 102
Epoch 103
Epoch 104
Epoch 105
Epoch 106
Epoch 107
Epoch 108
Epoch 109
Epoch 110
-----------------------
Epoch 110
Total Cost: 1340.43187557
Training Accuracy: 0.988206388206
Validation Accuracy: 0.796745576631
-----------------------
Epoch 111
Epoch 112
Epoch 113
Epoch 114
Epoch 115
Epoch 116
Epoch 117
Epoch 118
Epoch 119
Epoch 120
-----------------------
Epoch 120
Total Cost: 1055.16222308
Training Accuracy: 0.992235872236
Validation Accuracy: 0.80007841984
-----------------------
Epoch 121
Epoch 122
Epoch 123
Epoch 124
Epoch 125
Epoch 126
Epoch 127
Epoch 128
Epoch 129
Epoch 130
-----------------------
Epoch 130
Total Cost: 678.86387366
Training Accuracy: 0.993316953317
Validation Accuracy: 0.800911630643
-----------------------
Epoch 131
Epoch 132
Epoch 133
Epoch 134
Epoch 135
Epoch 136
Epoch 137
Epoch 138
Epoch 139
Epoch 140
-----------------------
Epoch 140
Total Cost: 679.231296387
Training Accuracy: 0.992530712531
Validation Accuracy: 0.79983335784
-----------------------
Epoch 141
Epoch 142
Epoch 143
Epoch 144
Epoch 145
Epoch 146
Epoch 147
Epoch 148
Epoch 149
Epoch 150
-----------------------
Epoch 150
Total Cost: 891.900859889
Training Accuracy: 0.994054054054
Validation Accuracy: 0.798608047836
-----------------------
Epoch 151
Epoch 152
Epoch 153
Epoch 154
Epoch 155
Epoch 156
Epoch 157
Epoch 158
Epoch 159
Epoch 160
-----------------------
Epoch 160
Total Cost: 621.383963271
Training Accuracy: 0.995331695332
Validation Accuracy: 0.798362985835
-----------------------
Epoch 161
Epoch 162
Epoch 163
Epoch 164
Epoch 165
Epoch 166
Epoch 167
Epoch 168
Epoch 169
Epoch 170
-----------------------
Epoch 170
Total Cost: 517.381960743
Training Accuracy: 0.996363636364
Validation Accuracy: 0.80007841984
-----------------------
Epoch 171
Epoch 172
Epoch 173
Epoch 174
Epoch 175
Epoch 176
Epoch 177
Epoch 178
Epoch 179
Epoch 180
-----------------------
Epoch 180
Total Cost: 335.675791758
Training Accuracy: 0.995233415233
Validation Accuracy: 0.799784345439
-----------------------
Epoch 181
Epoch 182
Epoch 183
Epoch 184
Epoch 185
Epoch 186
Epoch 187
Epoch 188
Epoch 189
Epoch 190
-----------------------
Epoch 190
Total Cost: 528.986100919
Training Accuracy: 0.996707616708
Validation Accuracy: 0.800421506641
-----------------------
Epoch 191
Epoch 192
Epoch 193
Epoch 194
Epoch 195
Epoch 196
Epoch 197
Epoch 198
Epoch 199
Epoch 200
-----------------------
Epoch 200
Total Cost: 370.847519667
Training Accuracy: 0.996805896806
Validation Accuracy: 0.800764593442
-----------------------
/root/joshi/tensorflow/lib/python3.5/re.py:203: FutureWarning: split() requires a non-empty pattern match.
  return _compile(pattern, flags).split(string, maxsplit)
Started Task: 5
Candidate Size 12612
vocab size: 14754
Longest sentence length 19
Longest candidate sentence length 10
Longest story length 209
Average story length 62
Training Size 20294
Validation Size 20117
Epoch 1
Epoch 2
Epoch 3
Epoch 4
Epoch 5
Epoch 6
Epoch 7
Epoch 8
Epoch 9
Epoch 10
-----------------------
Epoch 10
Total Cost: 19973.2868798
Training Accuracy: 0.743224598403
Validation Accuracy: 0.704578217428
-----------------------
Epoch 11
Epoch 12
Epoch 13
Epoch 14
Epoch 15
Epoch 16
Epoch 17
Epoch 18
Epoch 19
Epoch 20
-----------------------
Epoch 20
Total Cost: 11019.8360951
Training Accuracy: 0.83674977826
Validation Accuracy: 0.737634836208
-----------------------
Epoch 21
Epoch 22
Epoch 23
Epoch 24
Epoch 25
Epoch 26
Epoch 27
Epoch 28
Epoch 29
Epoch 30
-----------------------
Epoch 30
Total Cost: 6265.17583797
Training Accuracy: 0.914506750764
Validation Accuracy: 0.787344037381
-----------------------
Epoch 31
Epoch 32
Epoch 33
Epoch 34
Epoch 35
Epoch 36
Epoch 37
Epoch 38
Epoch 39
Epoch 40
-----------------------
Epoch 40
Total Cost: 4428.35482237
Training Accuracy: 0.932443086627
Validation Accuracy: 0.794203907143
-----------------------
Epoch 41
Epoch 42
Epoch 43
Epoch 44
Epoch 45
Epoch 46
Epoch 47
Epoch 48
Epoch 49
Epoch 50
-----------------------
Epoch 50
Total Cost: 3505.78747377
Training Accuracy: 0.951266384153
Validation Accuracy: 0.796142565989
-----------------------
Epoch 51
Epoch 52
Epoch 53
Epoch 54
Epoch 55
Epoch 56
Epoch 57
Epoch 58
Epoch 59
Epoch 60
-----------------------
Epoch 60
Total Cost: 2636.06191274
Training Accuracy: 0.962205578003
Validation Accuracy: 0.799224536462
-----------------------
Epoch 61
Epoch 62
Epoch 63
Epoch 64
Epoch 65
Epoch 66
Epoch 67
Epoch 68
Epoch 69
Epoch 70
-----------------------
Epoch 70
Total Cost: 2914.49289702
Training Accuracy: 0.972060707598
Validation Accuracy: 0.800666103296
-----------------------
Epoch 71
Epoch 72
Epoch 73
Epoch 74
Epoch 75
Epoch 76
Epoch 77
Epoch 78
Epoch 79
Epoch 80
-----------------------
Epoch 80
Total Cost: 2024.78947229
Training Accuracy: 0.979205676555
Validation Accuracy: 0.80001988368
-----------------------
Epoch 81
Epoch 82
Epoch 83
Epoch 84
Epoch 85
Epoch 86
Epoch 87
Epoch 88
Epoch 89
Epoch 90
-----------------------
Epoch 90
Total Cost: 3034.07506633
Training Accuracy: 0.980733221642
Validation Accuracy: 0.797484714421
-----------------------
Epoch 91
Epoch 92
Epoch 93
Epoch 94
Epoch 95
Epoch 96
Epoch 97
Epoch 98
Epoch 99
Epoch 100
-----------------------
Epoch 100
Total Cost: 1295.49279282
Training Accuracy: 0.985020203016
Validation Accuracy: 0.798429189243
-----------------------
Epoch 101
Epoch 102
Epoch 103
Epoch 104
Epoch 105
Epoch 106
Epoch 107
Epoch 108
Epoch 109
Epoch 110
-----------------------
Epoch 110
Total Cost: 1109.84531349
Training Accuracy: 0.985266581256
Validation Accuracy: 0.794999254362
-----------------------
Epoch 111
Epoch 112
Epoch 113
Epoch 114
Epoch 115
Epoch 116
Epoch 117
Epoch 118
Epoch 119
Epoch 120
-----------------------
Epoch 120
Total Cost: 972.052056118
Training Accuracy: 0.990884005125
Validation Accuracy: 0.800815230899
-----------------------
Epoch 121
Epoch 122
Epoch 123
Epoch 124
Epoch 125
Epoch 126
Epoch 127
Epoch 128
Epoch 129
Epoch 130
-----------------------
Epoch 130
Total Cost: 1035.64616318
Training Accuracy: 0.977973785355
Validation Accuracy: 0.786996072973
-----------------------
Epoch 131
Epoch 132
Epoch 133
Epoch 134
Epoch 135
Epoch 136
Epoch 137
Epoch 138
Epoch 139
Epoch 140
-----------------------
Epoch 140
Total Cost: 899.207735905
Training Accuracy: 0.970828816399
Validation Accuracy: 0.776408013123
-----------------------
Epoch 141
Epoch 142
Epoch 143
Epoch 144
Epoch 145
Epoch 146
Epoch 147
Epoch 148
Epoch 149
Epoch 150
-----------------------
Epoch 150
Total Cost: 986.040345752
Training Accuracy: 0.995910121218
Validation Accuracy: 0.801014067704
-----------------------
Epoch 151
Epoch 152
Epoch 153
Epoch 154
Epoch 155
Epoch 156
Epoch 157
Epoch 158
Epoch 159
Epoch 160
-----------------------
Epoch 160
Total Cost: 1357.42127751
Training Accuracy: 0.99635360205
Validation Accuracy: 0.802157379331
-----------------------
Epoch 161
Epoch 162
Epoch 163
Epoch 164
Epoch 165
Epoch 166
Epoch 167
Epoch 168
Epoch 169
Epoch 170
-----------------------
Epoch 170
Total Cost: 938.578957399
Training Accuracy: 0.99635360205
Validation Accuracy: 0.799274245663
-----------------------
Epoch 171
Epoch 172
Epoch 173
Epoch 174
Epoch 175
Epoch 176
Epoch 177
Epoch 178
Epoch 179
Epoch 180
-----------------------
Epoch 180
Total Cost: 1238.74897536
Training Accuracy: 0.978023061003
Validation Accuracy: 0.780633295223
-----------------------
Epoch 181
Epoch 182
Epoch 183
Epoch 184
Epoch 185
Epoch 186
Epoch 187
Epoch 188
Epoch 189
Epoch 190
-----------------------
Epoch 190
Total Cost: 902.410952234
Training Accuracy: 0.997339115009
Validation Accuracy: 0.79957250087
-----------------------
Epoch 191
Epoch 192
Epoch 193
Epoch 194
Epoch 195
Epoch 196
Epoch 197
Epoch 198
Epoch 199
Epoch 200
-----------------------
Epoch 200
Total Cost: 1634.16440482
Training Accuracy: 0.996057948162
Validation Accuracy: 0.798826862852
-----------------------
/root/joshi/tensorflow/lib/python3.5/re.py:203: FutureWarning: split() requires a non-empty pattern match.
  return _compile(pattern, flags).split(string, maxsplit)
Started Task: 5
Candidate Size 12612
vocab size: 14765
Longest sentence length 19
Longest candidate sentence length 11
Longest story length 213
Average story length 62
Training Size 20420
Validation Size 20373
Epoch 1
Epoch 2
Epoch 3
Epoch 4
Epoch 5
Epoch 6
Epoch 7
Epoch 8
Epoch 9
Epoch 10
-----------------------
Epoch 10
Total Cost: 17701.61884
Training Accuracy: 0.756953966699
Validation Accuracy: 0.701811220733
-----------------------
Epoch 11
Epoch 12
Epoch 13
Epoch 14
Epoch 15
Epoch 16
Epoch 17
Epoch 18
Epoch 19
Epoch 20
-----------------------
Epoch 20
Total Cost: 9741.52242601
Training Accuracy: 0.857051909892
Validation Accuracy: 0.745938251608
-----------------------
Epoch 21
Epoch 22
Epoch 23
Epoch 24
Epoch 25
Epoch 26
Epoch 27
Epoch 28
Epoch 29
Epoch 30
-----------------------
Epoch 30
Total Cost: 6601.89857459
Training Accuracy: 0.902350636631
Validation Accuracy: 0.777646885584
-----------------------
Epoch 31
Epoch 32
Epoch 33
Epoch 34
Epoch 35
Epoch 36
Epoch 37
Epoch 38
Epoch 39
Epoch 40
-----------------------
Epoch 40
Total Cost: 5086.43051061
Training Accuracy: 0.932859941234
Validation Accuracy: 0.795759092917
-----------------------
Epoch 41
Epoch 42
Epoch 43
Epoch 44
Epoch 45
Epoch 46
Epoch 47
Epoch 48
Epoch 49
Epoch 50
-----------------------
Epoch 50
Total Cost: 4081.43347416
Training Accuracy: 0.949608227228
Validation Accuracy: 0.799489520444
-----------------------
Epoch 51
Epoch 52
Epoch 53
Epoch 54
Epoch 55
Epoch 56
Epoch 57
Epoch 58
Epoch 59
Epoch 60
-----------------------
Epoch 60
Total Cost: 2946.64491161
Training Accuracy: 0.964397649363
Validation Accuracy: 0.79634810779
-----------------------
Epoch 61
Epoch 62
Epoch 63
Epoch 64
Epoch 65
Epoch 66
Epoch 67
Epoch 68
Epoch 69
Epoch 70
-----------------------
Epoch 70
Total Cost: 2173.71163144
Training Accuracy: 0.970910871694
Validation Accuracy: 0.796986207235
-----------------------
Epoch 71
Epoch 72
Epoch 73
Epoch 74
Epoch 75
Epoch 76
Epoch 77
Epoch 78
Epoch 79
Epoch 80
-----------------------
Epoch 80
Total Cost: 1915.28471418
Training Accuracy: 0.982125367287
Validation Accuracy: 0.799636774162
-----------------------
Epoch 81
Epoch 82
Epoch 83
Epoch 84
Epoch 85
Epoch 86
Epoch 87
Epoch 88
Epoch 89
Epoch 90
-----------------------
Epoch 90
Total Cost: 1893.57949004
Training Accuracy: 0.985896180215
Validation Accuracy: 0.80140381878
-----------------------
Epoch 91
Epoch 92
Epoch 93
Epoch 94
Epoch 95
Epoch 96
Epoch 97
Epoch 98
Epoch 99
Epoch 100
-----------------------
Epoch 100
Total Cost: 959.252345674
Training Accuracy: 0.987855044074
Validation Accuracy: 0.799685858735
-----------------------
Epoch 101
Epoch 102
Epoch 103
Epoch 104
Epoch 105
Epoch 106
Epoch 107
Epoch 108
Epoch 109
Epoch 110
-----------------------
Epoch 110
Total Cost: 1125.4000993
Training Accuracy: 0.990842311459
Validation Accuracy: 0.800667550189
-----------------------
Epoch 111
Epoch 112
Epoch 113
Epoch 114
Epoch 115
Epoch 116
Epoch 117
Epoch 118
Epoch 119
Epoch 120
-----------------------
Epoch 120
Total Cost: 881.953595863
Training Accuracy: 0.991674828599
Validation Accuracy: 0.800716634762
-----------------------
Epoch 121
Epoch 122
Epoch 123
Epoch 124
Epoch 125
Epoch 126
Epoch 127
Epoch 128
Epoch 129
Epoch 130
-----------------------
Epoch 130
Total Cost: 1060.19707267
Training Accuracy: 0.993584720862
Validation Accuracy: 0.801256565062
-----------------------
Epoch 131
Epoch 132
Epoch 133
Epoch 134
Epoch 135
Epoch 136
Epoch 137
Epoch 138
Epoch 139
Epoch 140
-----------------------
Epoch 140
Total Cost: 791.211854744
Training Accuracy: 0.992017629775
Validation Accuracy: 0.798556913562
-----------------------
Epoch 141
Epoch 142
Epoch 143
Epoch 144
Epoch 145
Epoch 146
Epoch 147
Epoch 148
Epoch 149
Epoch 150
-----------------------
Epoch 150
Total Cost: 548.466649854
Training Accuracy: 0.995494613124
Validation Accuracy: 0.801109311343
-----------------------
Epoch 151
Epoch 152
Epoch 153
Epoch 154
Epoch 155
Epoch 156
Epoch 157
Epoch 158
Epoch 159
Epoch 160
-----------------------
Epoch 160
Total Cost: 539.634184876
Training Accuracy: 0.995935357493
Validation Accuracy: 0.80140381878
-----------------------
Epoch 161
Epoch 162
Epoch 163
Epoch 164
Epoch 165
Epoch 166
Epoch 167
Epoch 168
Epoch 169
Epoch 170
-----------------------
Epoch 170
Total Cost: 433.58578317
Training Accuracy: 0.99652301665
Validation Accuracy: 0.800422127325
-----------------------
Epoch 171
Epoch 172
Epoch 173
Epoch 174
Epoch 175
Epoch 176
Epoch 177
Epoch 178
Epoch 179
Epoch 180
-----------------------
Epoch 180
Total Cost: 409.034046613
Training Accuracy: 0.99417238002
Validation Accuracy: 0.800618465616
-----------------------
Epoch 181
Epoch 182
Epoch 183
Epoch 184
Epoch 185
Epoch 186
Epoch 187
Epoch 188
Epoch 189
Epoch 190
-----------------------
Epoch 190
Total Cost: 1435.74298404
Training Accuracy: 0.996767874633
Validation Accuracy: 0.801011142198
-----------------------
Epoch 191
Epoch 192
Epoch 193
Epoch 194
Epoch 195
Epoch 196
Epoch 197
Epoch 198
Epoch 199
Epoch 200
-----------------------
Epoch 200
Total Cost: 414.150722842
Training Accuracy: 0.996131243879
Validation Accuracy: 0.800471211898
-----------------------
/root/joshi/tensorflow/lib/python3.5/re.py:203: FutureWarning: split() requires a non-empty pattern match.
  return _compile(pattern, flags).split(string, maxsplit)
Started Task: 5
Candidate Size 12612
vocab size: 14766
Longest sentence length 19
Longest candidate sentence length 13
Longest story length 219
Average story length 62
Training Size 20220
Validation Size 20181
Epoch 1
Epoch 2
Epoch 3
Epoch 4
Epoch 5
Epoch 6
Epoch 7
Epoch 8
Epoch 9
Epoch 10
-----------------------
Epoch 10
Total Cost: 22833.8573414
Training Accuracy: 0.733086053412
Validation Accuracy: 0.699965313909
-----------------------
Epoch 11
Epoch 12
Epoch 13
Epoch 14
Epoch 15
Epoch 16
Epoch 17
Epoch 18
Epoch 19
Epoch 20
-----------------------
Epoch 20
Total Cost: 12733.0379475
Training Accuracy: 0.829426310584
Validation Accuracy: 0.733858579852
-----------------------
Epoch 21
Epoch 22
Epoch 23
Epoch 24
Epoch 25
Epoch 26
Epoch 27
Epoch 28
Epoch 29
Epoch 30
-----------------------
Epoch 30
Total Cost: 7070.31275969
Training Accuracy: 0.901483679525
Validation Accuracy: 0.768792428522
-----------------------
Epoch 31
Epoch 32
Epoch 33
Epoch 34
Epoch 35
Epoch 36
Epoch 37
Epoch 38
Epoch 39
Epoch 40
-----------------------
Epoch 40
Total Cost: 4804.27258109
Training Accuracy: 0.939465875371
Validation Accuracy: 0.788860809672
-----------------------
Epoch 41
Epoch 42
Epoch 43
Epoch 44
Epoch 45
Epoch 46
Epoch 47
Epoch 48
Epoch 49
Epoch 50
-----------------------
Epoch 50
Total Cost: 3162.82218419
Training Accuracy: 0.951879327399
Validation Accuracy: 0.791387939151
-----------------------
Epoch 51
Epoch 52
Epoch 53
Epoch 54
Epoch 55
Epoch 56
Epoch 57
Epoch 58
Epoch 59
Epoch 60
-----------------------
Epoch 60
Total Cost: 2119.64453532
Training Accuracy: 0.973689416419
Validation Accuracy: 0.802190178881
-----------------------
Epoch 61
Epoch 62
Epoch 63
Epoch 64
Epoch 65
Epoch 66
Epoch 67
Epoch 68
Epoch 69
Epoch 70
-----------------------
Epoch 70
Total Cost: 1719.52728458
Training Accuracy: 0.975865479723
Validation Accuracy: 0.800307219662
-----------------------
Epoch 71
Epoch 72
Epoch 73
Epoch 74
Epoch 75
Epoch 76
Epoch 77
Epoch 78
Epoch 79
Epoch 80
-----------------------
Epoch 80
Total Cost: 1621.17322206
Training Accuracy: 0.985756676558
Validation Accuracy: 0.801546008622
-----------------------
Epoch 81
Epoch 82
Epoch 83
Epoch 84
Epoch 85
Epoch 86
Epoch 87
Epoch 88
Epoch 89
Epoch 90
-----------------------
Epoch 90
Total Cost: 1124.03172813
Training Accuracy: 0.986943620178
Validation Accuracy: 0.802338833556
-----------------------
Epoch 91
Epoch 92
Epoch 93
Epoch 94
Epoch 95
Epoch 96
Epoch 97
Epoch 98
Epoch 99
Epoch 100
-----------------------
Epoch 100
Total Cost: 1103.92518066
Training Accuracy: 0.98981206726
Validation Accuracy: 0.799365740053
-----------------------
Epoch 101
Epoch 102
Epoch 103
Epoch 104
Epoch 105
Epoch 106
Epoch 107
Epoch 108
Epoch 109
Epoch 110
-----------------------
Epoch 110
Total Cost: 919.667436988
Training Accuracy: 0.990949554896
Validation Accuracy: 0.801347802388
-----------------------
Epoch 111
Epoch 112
Epoch 113
Epoch 114
Epoch 115
Epoch 116
Epoch 117
Epoch 118
Epoch 119
Epoch 120
-----------------------
Epoch 120
Total Cost: 740.415251636
Training Accuracy: 0.99134520277
Validation Accuracy: 0.800554977454
-----------------------
Epoch 121
Epoch 122
Epoch 123
Epoch 124
Epoch 125
Epoch 126
Epoch 127
Epoch 128
Epoch 129
Epoch 130
-----------------------
Epoch 130
Total Cost: 655.170876856
Training Accuracy: 0.993372898121
Validation Accuracy: 0.800307219662
-----------------------
Epoch 131
Epoch 132
Epoch 133
Epoch 134
Epoch 135
Epoch 136
Epoch 137
Epoch 138
Epoch 139
Epoch 140
-----------------------
Epoch 140
Total Cost: 637.849053647
Training Accuracy: 0.994263105836
Validation Accuracy: 0.799316188494
-----------------------
Epoch 141
Epoch 142
Epoch 143
Epoch 144
Epoch 145
Epoch 146
Epoch 147
Epoch 148
Epoch 149
Epoch 150
-----------------------
Epoch 150
Total Cost: 908.499617151
Training Accuracy: 0.993372898121
Validation Accuracy: 0.799464843169
-----------------------
Epoch 151
Epoch 152
Epoch 153
Epoch 154
Epoch 155
Epoch 156
Epoch 157
Epoch 158
Epoch 159
Epoch 160
-----------------------
Epoch 160
Total Cost: 536.827558549
Training Accuracy: 0.993372898121
Validation Accuracy: 0.798473812001
-----------------------
Epoch 161
Epoch 162
Epoch 163
Epoch 164
Epoch 165
Epoch 166
Epoch 167
Epoch 168
Epoch 169
Epoch 170
-----------------------
Epoch 170
Total Cost: 631.595442678
Training Accuracy: 0.994362017804
Validation Accuracy: 0.799415291611
-----------------------
Epoch 171
Epoch 172
Epoch 173
Epoch 174
Epoch 175
Epoch 176
Epoch 177
Epoch 178
Epoch 179
Epoch 180
-----------------------
Epoch 180
Total Cost: 470.7841302
Training Accuracy: 0.996043521266
Validation Accuracy: 0.799563946286
-----------------------
Epoch 181
Epoch 182
Epoch 183
Epoch 184
Epoch 185
Epoch 186
Epoch 187
Epoch 188
Epoch 189
Epoch 190
-----------------------
Epoch 190
Total Cost: 473.521800216
Training Accuracy: 0.994411473788
Validation Accuracy: 0.797334126158
-----------------------
Epoch 191
Epoch 192
Epoch 193
Epoch 194
Epoch 195
Epoch 196
Epoch 197
Epoch 198
Epoch 199
Epoch 200
-----------------------
Epoch 200
Total Cost: 498.757413796
Training Accuracy: 0.994065281899
Validation Accuracy: 0.79574847629
-----------------------
/root/joshi/tensorflow/lib/python3.5/re.py:203: FutureWarning: split() requires a non-empty pattern match.
  return _compile(pattern, flags).split(string, maxsplit)
Started Task: 5
Candidate Size 12612
vocab size: 14743
Longest sentence length 19
Longest candidate sentence length 7
Longest story length 213
Average story length 63
Testing Size 20316
Testing Accuracy: 0.80384918291
/root/joshi/tensorflow/lib/python3.5/re.py:203: FutureWarning: split() requires a non-empty pattern match.
  return _compile(pattern, flags).split(string, maxsplit)
Started Task: 5
Candidate Size 12612
vocab size: 14751
Longest sentence length 19
Longest candidate sentence length 6
Longest story length 219
Average story length 62
Testing Size 20422
Testing Accuracy: 0.801537557536
/root/joshi/tensorflow/lib/python3.5/re.py:203: FutureWarning: split() requires a non-empty pattern match.
  return _compile(pattern, flags).split(string, maxsplit)
Started Task: 5
Candidate Size 12612
vocab size: 14745
Longest sentence length 19
Longest candidate sentence length 10
Longest story length 203
Average story length 62
Testing Size 20138
Testing Accuracy: 0.802959578906
/root/joshi/tensorflow/lib/python3.5/re.py:203: FutureWarning: split() requires a non-empty pattern match.
  return _compile(pattern, flags).split(string, maxsplit)
Started Task: 5
Candidate Size 12612
vocab size: 14754
Longest sentence length 19
Longest candidate sentence length 10
Longest story length 209
Average story length 62
Testing Size 20310
Testing Accuracy: 0.802166420483
/root/joshi/tensorflow/lib/python3.5/re.py:203: FutureWarning: split() requires a non-empty pattern match.
  return _compile(pattern, flags).split(string, maxsplit)
Started Task: 5
Candidate Size 12612
vocab size: 14765
Longest sentence length 19
Longest candidate sentence length 11
Longest story length 213
Average story length 62
Testing Size 19844
Testing Accuracy: 0.805785123967
/root/joshi/tensorflow/lib/python3.5/re.py:203: FutureWarning: split() requires a non-empty pattern match.
  return _compile(pattern, flags).split(string, maxsplit)
Started Task: 5
Candidate Size 12612
vocab size: 14766
Longest sentence length 19
Longest candidate sentence length 13
Longest story length 219
Average story length 62
Testing Size 20256
Testing Accuracy: 0.804107424961
